TN:
SF:/home/dmitry/vue/vue-gantt/src/components/Gantt.vue
FN:64,(anonymous_0)
FN:68,(anonymous_1)
FN:68,(anonymous_2)
FNF:3
FNH:3
FNDA:2,(anonymous_0)
FNDA:2,(anonymous_1)
FNDA:1,(anonymous_2)
DA:38,1
DA:61,1
DA:62,1
DA:63,1
DA:64,2
DA:65,1
DA:66,1
DA:67,1
DA:68,2
DA:71,1
DA:75,1
DA:89,1
DA:92,1
DA:95,1
DA:96,1
DA:99,1
DA:100,1
DA:103,1
DA:106,1
DA:111,0
DA:112,0
DA:115,0
DA:118,0
DA:121,0
DA:122,0
DA:123,0
DA:125,0
DA:127,0
DA:128,0
DA:129,0
DA:131,0
LF:31
LH:19
BRDA:111,0,0,0
BRDA:111,0,1,0
BRDA:112,1,0,0
BRDA:112,1,1,0
BRDA:118,2,0,0
BRDA:118,2,1,0
BRDA:121,3,0,0
BRDA:121,3,1,0
BRDA:122,4,0,0
BRDA:122,4,1,0
BRDA:127,5,0,0
BRDA:127,5,1,0
BRDA:128,6,0,0
BRDA:128,6,1,0
BRF:14
BRH:0
end_of_record
TN:
SF:/home/dmitry/vue/vue-gantt/src/hellpers/index.js
FN:9,(anonymous_0)
FN:10,(anonymous_1)
FN:10,(anonymous_2)
FN:12,(anonymous_3)
FN:12,(anonymous_4)
FN:13,(anonymous_5)
FN:25,(anonymous_6)
FN:25,(anonymous_7)
FN:26,(anonymous_8)
FN:53,(anonymous_9)
FN:55,(anonymous_10)
FN:63,(anonymous_11)
FN:77,(anonymous_12)
FN:84,(anonymous_13)
FN:91,(anonymous_14)
FN:98,(anonymous_15)
FN:108,(anonymous_16)
FN:124,(anonymous_17)
FN:151,(anonymous_18)
FN:178,(anonymous_19)
FN:187,(anonymous_20)
FN:187,(anonymous_21)
FNF:22
FNH:15
FNDA:1,(anonymous_0)
FNDA:3,(anonymous_1)
FNDA:10,(anonymous_2)
FNDA:1,(anonymous_3)
FNDA:2,(anonymous_4)
FNDA:3,(anonymous_5)
FNDA:1,(anonymous_6)
FNDA:2,(anonymous_7)
FNDA:3,(anonymous_8)
FNDA:1,(anonymous_9)
FNDA:1,(anonymous_10)
FNDA:1,(anonymous_11)
FNDA:0,(anonymous_12)
FNDA:0,(anonymous_13)
FNDA:0,(anonymous_14)
FNDA:1,(anonymous_15)
FNDA:0,(anonymous_16)
FNDA:0,(anonymous_17)
FNDA:0,(anonymous_18)
FNDA:0,(anonymous_19)
FNDA:1,(anonymous_20)
FNDA:3,(anonymous_21)
DA:9,1
DA:10,10
DA:12,1
DA:13,3
DA:17,2
DA:24,1
DA:25,2
DA:27,3
DA:30,3
DA:33,3
DA:34,3
DA:35,3
DA:38,3
DA:47,1
DA:53,1
DA:55,1
DA:56,1
DA:58,1
DA:59,1
DA:60,1
DA:63,1
DA:64,1
DA:66,1
DA:68,0
DA:70,0
DA:72,0
DA:77,1
DA:78,0
DA:79,0
DA:81,0
DA:84,1
DA:85,0
DA:86,0
DA:88,0
DA:91,1
DA:92,0
DA:93,0
DA:95,0
DA:98,1
DA:99,1
DA:101,1
DA:108,0
DA:124,0
DA:128,0
DA:151,0
DA:155,0
DA:178,0
DA:182,0
DA:186,1
DA:187,1
DA:188,3
DA:189,3
DA:192,0
DA:198,3
LF:54
LH:34
BRDA:14,0,0,0
BRDA:14,0,1,3
BRDA:15,1,0,0
BRDA:15,1,1,3
BRDA:18,2,0,1
BRDA:18,2,1,1
BRDA:19,3,0,1
BRDA:19,3,1,1
BRDA:27,4,0,0
BRDA:27,4,1,3
BRDA:27,5,0,3
BRDA:27,5,1,2
BRDA:27,5,2,2
BRDA:30,6,0,0
BRDA:30,6,1,3
BRDA:30,7,0,3
BRDA:30,7,1,0
BRDA:33,8,0,0
BRDA:33,8,1,3
BRDA:33,9,0,3
BRDA:33,9,1,0
BRDA:34,10,0,3
BRDA:34,10,1,0
BRDA:64,11,0,1
BRDA:64,11,1,0
BRDA:64,11,2,0
BRDA:64,11,3,0
BRDA:78,12,0,0
BRDA:78,12,1,0
BRDA:85,13,0,0
BRDA:85,13,1,0
BRDA:92,14,0,0
BRDA:92,14,1,0
BRDA:99,15,0,1
BRDA:99,15,1,0
BRDA:99,15,2,0
BRDA:99,15,3,0
BRF:37
BRH:17
end_of_record
TN:
SF:/home/dmitry/vue/vue-gantt/src/components/GanttLegend.vue
FNF:0
FNH:0
LF:0
LH:0
BRF:0
BRH:0
end_of_record
TN:
SF:/home/dmitry/vue/vue-gantt/src/components/GanttHeader.vue
FNF:0
FNH:0
LF:0
LH:0
BRF:0
BRH:0
end_of_record
TN:
SF:/home/dmitry/vue/vue-gantt/src/components/GanttBody.vue
FNF:0
FNH:0
LF:0
LH:0
BRF:0
BRH:0
end_of_record
TN:
SF:/home/dmitry/vue/vue-gantt/src/components/GanttFooter.vue
FNF:0
FNH:0
DA:35,1
DA:42,1
DA:45,0
DA:46,0
DA:47,0
DA:52,1
DA:55,0
LF:7
LH:3
BRF:0
BRH:0
end_of_record
