TN:
SF:/home/dmitry/vue/vue-gantt/src/components/Gantt.vue
FN:65,(anonymous_0)
FN:95,(anonymous_1)
FN:95,(anonymous_2)
FN:123,(anonymous_3)
FNF:4
FNH:4
FNDA:105,(anonymous_0)
FNDA:20621,(anonymous_1)
FNDA:4852,(anonymous_2)
FNDA:9,(anonymous_3)
DA:34,1
DA:59,7
DA:60,7
DA:61,7
DA:62,7
DA:63,7
DA:64,7
DA:65,105
DA:66,7
DA:69,0
DA:72,7
DA:82,2427
DA:83,2427
DA:86,7
DA:89,1214
DA:92,1213
DA:95,20621
DA:98,1814
DA:101,1214
DA:104,9
DA:107,1219
DA:114,1216
DA:117,14
DA:120,9
DA:123,9
DA:128,7
DA:132,1
DA:133,1
DA:134,1
DA:135,1
DA:136,1
DA:137,1
DA:140,1
DA:143,1
DA:146,1
DA:147,1
DA:148,1
DA:150,0
DA:152,0
DA:153,0
DA:154,0
DA:156,0
DA:161,1
DA:162,1
DA:163,1
DA:164,1
DA:165,1
DA:166,0
DA:170,1
DA:171,1
LF:50
LH:43
BRDA:133,0,0,1
BRDA:133,0,1,0
BRDA:134,1,0,0
BRDA:134,1,1,1
BRDA:136,2,0,1
BRDA:136,2,1,0
BRDA:137,3,0,0
BRDA:137,3,1,1
BRDA:143,4,0,1
BRDA:143,4,1,0
BRDA:146,5,0,1
BRDA:146,5,1,0
BRDA:147,6,0,1
BRDA:147,6,1,0
BRDA:152,7,0,0
BRDA:152,7,1,0
BRDA:153,8,0,0
BRDA:153,8,1,0
BRDA:161,9,0,1
BRDA:161,9,1,0
BRDA:164,10,0,0
BRDA:164,10,1,1
BRDA:165,11,0,1
BRDA:165,11,1,0
BRF:24
BRH:10
end_of_record
TN:
SF:/home/dmitry/vue/vue-gantt/src/hellpers/index.js
FN:93,(anonymous_0)
FN:95,(anonymous_1)
FN:97,(anonymous_2)
FN:105,(anonymous_3)
FN:105,(anonymous_4)
FN:106,(anonymous_5)
FN:125,(anonymous_6)
FN:130,(anonymous_7)
FN:136,(anonymous_8)
FN:141,(anonymous_9)
FN:146,(anonymous_10)
FN:163,(anonymous_11)
FN:170,(anonymous_12)
FN:170,(anonymous_13)
FN:197,(anonymous_14)
FN:198,(anonymous_15)
FN:202,(anonymous_16)
FN:209,(anonymous_17)
FN:216,(anonymous_18)
FN:223,(anonymous_19)
FN:232,(anonymous_20)
FN:241,(anonymous_21)
FN:250,(anonymous_22)
FN:257,(anonymous_23)
FN:262,(anonymous_24)
FN:271,(anonymous_25)
FN:280,(anonymous_26)
FN:286,(anonymous_27)
FN:292,(anonymous_28)
FN:301,(anonymous_29)
FN:310,(anonymous_30)
FN:316,(anonymous_31)
FN:322,(anonymous_32)
FN:331,(anonymous_33)
FN:340,(anonymous_34)
FN:346,(anonymous_35)
FN:352,(anonymous_36)
FN:361,(anonymous_37)
FN:370,(anonymous_38)
FN:376,(anonymous_39)
FN:382,(anonymous_40)
FN:391,(anonymous_41)
FN:400,(anonymous_42)
FN:406,(anonymous_43)
FN:415,(anonymous_44)
FN:415,(anonymous_45)
FN:431,(anonymous_46)
FN:439,(anonymous_47)
FN:441,(anonymous_48)
FNF:49
FNH:33
FNDA:17,(anonymous_0)
FNDA:42,(anonymous_1)
FNDA:124,(anonymous_2)
FNDA:2428,(anonymous_3)
FNDA:41261,(anonymous_4)
FNDA:50970,(anonymous_5)
FNDA:1384,(anonymous_6)
FNDA:1224,(anonymous_7)
FNDA:1222,(anonymous_8)
FNDA:1223,(anonymous_9)
FNDA:2,(anonymous_10)
FNDA:176,(anonymous_11)
FNDA:20639,(anonymous_12)
FNDA:25494,(anonymous_13)
FNDA:1214,(anonymous_14)
FNDA:20638,(anonymous_15)
FNDA:7,(anonymous_16)
FNDA:18,(anonymous_17)
FNDA:3,(anonymous_18)
FNDA:3,(anonymous_19)
FNDA:4,(anonymous_20)
FNDA:5,(anonymous_21)
FNDA:4,(anonymous_22)
FNDA:9,(anonymous_23)
FNDA:4,(anonymous_24)
FNDA:15,(anonymous_25)
FNDA:43,(anonymous_26)
FNDA:43,(anonymous_27)
FNDA:0,(anonymous_28)
FNDA:0,(anonymous_29)
FNDA:0,(anonymous_30)
FNDA:0,(anonymous_31)
FNDA:0,(anonymous_32)
FNDA:0,(anonymous_33)
FNDA:0,(anonymous_34)
FNDA:0,(anonymous_35)
FNDA:0,(anonymous_36)
FNDA:0,(anonymous_37)
FNDA:0,(anonymous_38)
FNDA:0,(anonymous_39)
FNDA:0,(anonymous_40)
FNDA:0,(anonymous_41)
FNDA:0,(anonymous_42)
FNDA:0,(anonymous_43)
FNDA:9,(anonymous_44)
FNDA:27,(anonymous_45)
FNDA:4,(anonymous_46)
FNDA:11,(anonymous_47)
FNDA:165,(anonymous_48)
DA:49,1
DA:58,1
DA:67,1
DA:76,1
DA:85,1
DA:93,1
DA:94,17
DA:95,9
DA:96,42
DA:97,124
DA:99,0
DA:102,8
DA:105,2428
DA:106,50970
DA:110,41261
DA:117,41261
DA:125,1
DA:126,1384
DA:127,1384
DA:130,1
DA:131,1224
DA:132,1224
DA:133,1224
DA:136,1
DA:137,1222
DA:138,1222
DA:141,1
DA:142,1223
DA:143,1223
DA:146,1
DA:147,2
DA:149,1
DA:151,0
DA:153,0
DA:155,0
DA:157,1
DA:159,0
DA:163,1
DA:164,176
DA:165,176
DA:166,176
DA:169,1
DA:170,20639
DA:172,25494
DA:173,25494
DA:176,25494
DA:179,25494
DA:180,25494
DA:181,25494
DA:184,25494
DA:196,1
DA:197,1214
DA:198,20638
DA:202,1
DA:203,7
DA:204,3
DA:206,4
DA:209,1
DA:210,18
DA:211,3
DA:213,15
DA:216,1
DA:217,3
DA:218,2
DA:220,1
DA:223,1
DA:224,3
DA:225,2
DA:226,2
DA:227,2
DA:229,1
DA:232,1
DA:233,4
DA:234,3
DA:235,3
DA:236,3
DA:238,1
DA:241,1
DA:242,5
DA:243,4
DA:244,4
DA:245,4
DA:247,1
DA:250,1
DA:251,4
DA:252,3
DA:254,1
DA:257,1
DA:258,9
DA:260,9
DA:262,4
DA:271,15
DA:280,43
DA:286,43
DA:290,0
DA:292,0
DA:301,0
DA:310,0
DA:316,0
DA:320,0
DA:322,0
DA:331,0
DA:340,0
DA:346,0
DA:350,0
DA:352,0
DA:361,0
DA:370,0
DA:376,0
DA:380,0
DA:382,0
DA:391,0
DA:400,0
DA:406,0
DA:410,0
DA:414,1
DA:415,9
DA:416,27
DA:417,27
DA:420,62
DA:428,27
DA:431,1
DA:432,4
DA:433,4
DA:434,4
DA:439,1
DA:440,11
DA:441,11
DA:442,165
DA:443,165
DA:444,165
LF:131
LH:105
BRDA:94,0,0,9
BRDA:94,0,1,8
BRDA:96,1,0,42
BRDA:96,1,1,0
BRDA:107,2,0,9709
BRDA:107,2,1,41261
BRDA:108,3,0,9709
BRDA:108,3,1,41261
BRDA:118,4,0,38833
BRDA:118,4,1,2428
BRDA:119,5,0,38833
BRDA:119,5,1,2428
BRDA:147,6,0,1
BRDA:147,6,1,0
BRDA:147,6,2,0
BRDA:147,6,3,0
BRDA:147,6,4,1
BRDA:147,6,5,0
BRDA:172,7,0,25494
BRDA:172,7,1,0
BRDA:173,8,0,2400
BRDA:173,8,1,23094
BRDA:173,9,0,25494
BRDA:173,9,1,20638
BRDA:173,9,2,20638
BRDA:176,10,0,0
BRDA:176,10,1,25494
BRDA:176,11,0,25494
BRDA:176,11,1,0
BRDA:179,12,0,600
BRDA:179,12,1,24894
BRDA:179,13,0,25494
BRDA:179,13,1,3600
BRDA:180,14,0,25494
BRDA:180,14,1,3600
BRDA:186,15,0,2400
BRDA:186,15,1,23094
BRDA:186,16,0,25494
BRDA:186,16,1,16996
BRDA:203,17,0,3
BRDA:203,17,1,4
BRDA:210,18,0,3
BRDA:210,18,1,15
BRDA:217,19,0,2
BRDA:217,19,1,1
BRDA:224,20,0,2
BRDA:224,20,1,1
BRDA:233,21,0,3
BRDA:233,21,1,1
BRDA:242,22,0,4
BRDA:242,22,1,1
BRDA:251,23,0,3
BRDA:251,23,1,1
BRDA:258,24,0,9
BRDA:258,24,1,0
BRDA:258,24,2,0
BRDA:258,24,3,0
BRDA:258,24,4,0
BRDA:258,24,5,0
BRDA:434,25,0,1
BRDA:434,25,1,3
BRDA:444,26,0,3
BRDA:444,26,1,162
BRDA:444,27,0,165
BRDA:444,27,1,17
BRF:65
BRH:52
end_of_record
TN:
SF:/home/dmitry/vue/vue-gantt/src/components/GanttLegend.vue
FNF:0
FNH:0
LF:0
LH:0
BRF:0
BRH:0
end_of_record
TN:
SF:/home/dmitry/vue/vue-gantt/src/components/GanttHeader.vue
FNF:0
FNH:0
LF:0
LH:0
BRF:0
BRH:0
end_of_record
TN:
SF:/home/dmitry/vue/vue-gantt/src/components/GanttBody.vue
FNF:0
FNH:0
LF:0
LH:0
BRF:0
BRH:0
end_of_record
TN:
SF:/home/dmitry/vue/vue-gantt/src/components/GanttFooter.vue
FNF:0
FNH:0
LF:0
LH:0
BRF:0
BRH:0
end_of_record
